<?xml version="1.0" encoding="UTF-8"?>
<coverage generated="1645076961472" clover="3.2.0">
  <project timestamp="1645076961472" name="All files">
    <metrics statements="163" coveredstatements="114" conditionals="26" coveredconditionals="9" methods="57" coveredmethods="29" elements="246" coveredelements="152" complexity="0" loc="163" ncloc="163" packages="9" files="13" classes="13"/>
    <package name="src">
      <metrics statements="20" coveredstatements="18" conditionals="0" coveredconditionals="0" methods="5" coveredmethods="3"/>
      <file name="index.ts" path="/home/vnnovate/Downloads/nodejs-typescript/src/index.ts">
        <metrics statements="20" coveredstatements="18" conditionals="0" coveredconditionals="0" methods="5" coveredmethods="3"/>
        <line num="1" count="1" type="stmt"/>
        <line num="3" count="1" type="stmt"/>
        <line num="4" count="1" type="stmt"/>
        <line num="6" count="1" type="stmt"/>
        <line num="8" count="1" type="stmt"/>
        <line num="10" count="1" type="stmt"/>
        <line num="11" count="2" type="stmt"/>
        <line num="14" count="2" type="stmt"/>
        <line num="15" count="2" type="stmt"/>
        <line num="17" count="2" type="stmt"/>
        <line num="18" count="0" type="stmt"/>
        <line num="21" count="2" type="stmt"/>
        <line num="23" count="2" type="stmt"/>
        <line num="26" count="1" type="stmt"/>
        <line num="27" count="1" type="stmt"/>
        <line num="28" count="1" type="stmt"/>
        <line num="29" count="1" type="stmt"/>
        <line num="30" count="1" type="stmt"/>
        <line num="33" count="0" type="stmt"/>
        <line num="37" count="1" type="stmt"/>
      </file>
    </package>
    <package name="src.api.controllers.user">
      <metrics statements="16" coveredstatements="12" conditionals="2" coveredconditionals="1" methods="11" coveredmethods="5"/>
      <file name="index.ts" path="/home/vnnovate/Downloads/nodejs-typescript/src/api/controllers/user/index.ts">
        <metrics statements="12" coveredstatements="9" conditionals="0" coveredconditionals="0" methods="10" coveredmethods="4"/>
        <line num="1" count="1" type="stmt"/>
        <line num="4" count="1" type="stmt"/>
        <line num="6" count="1" type="stmt"/>
        <line num="7" count="0" type="stmt"/>
        <line num="10" count="1" type="stmt"/>
        <line num="11" count="0" type="stmt"/>
        <line num="14" count="1" type="stmt"/>
        <line num="15" count="1" type="stmt"/>
        <line num="18" count="1" type="stmt"/>
        <line num="19" count="0" type="stmt"/>
        <line num="22" count="1" type="stmt"/>
        <line num="23" count="1" type="stmt"/>
      </file>
      <file name="mapper.ts" path="/home/vnnovate/Downloads/nodejs-typescript/src/api/controllers/user/mapper.ts">
        <metrics statements="4" coveredstatements="3" conditionals="2" coveredconditionals="1" methods="1" coveredmethods="1"/>
        <line num="4" count="1" type="stmt"/>
        <line num="5" count="3" type="cond" truecount="1" falsecount="1"/>
        <line num="6" count="3" type="stmt"/>
        <line num="14" count="0" type="stmt"/>
      </file>
    </package>
    <package name="src.api.routes">
      <metrics statements="32" coveredstatements="20" conditionals="0" coveredconditionals="0" methods="10" coveredmethods="4"/>
      <file name="index.ts" path="/home/vnnovate/Downloads/nodejs-typescript/src/api/routes/index.ts">
        <metrics statements="5" coveredstatements="5" conditionals="0" coveredconditionals="0" methods="0" coveredmethods="0"/>
        <line num="1" count="1" type="stmt"/>
        <line num="2" count="1" type="stmt"/>
        <line num="4" count="1" type="stmt"/>
        <line num="6" count="1" type="stmt"/>
        <line num="8" count="1" type="stmt"/>
      </file>
      <file name="users.ts" path="/home/vnnovate/Downloads/nodejs-typescript/src/api/routes/users.ts">
        <metrics statements="27" coveredstatements="15" conditionals="0" coveredconditionals="0" methods="10" coveredmethods="4"/>
        <line num="1" count="1" type="stmt"/>
        <line num="3" count="1" type="stmt"/>
        <line num="6" count="1" type="stmt"/>
        <line num="8" count="1" type="stmt"/>
        <line num="9" count="1" type="stmt"/>
        <line num="10" count="1" type="stmt"/>
        <line num="12" count="1" type="stmt"/>
        <line num="13" count="1" type="stmt"/>
        <line num="16" count="1" type="stmt"/>
        <line num="17" count="0" type="stmt"/>
        <line num="18" count="0" type="stmt"/>
        <line num="19" count="0" type="stmt"/>
        <line num="21" count="0" type="stmt"/>
        <line num="22" count="0" type="stmt"/>
        <line num="25" count="1" type="stmt"/>
        <line num="26" count="0" type="stmt"/>
        <line num="27" count="0" type="stmt"/>
        <line num="29" count="0" type="stmt"/>
        <line num="30" count="0" type="stmt"/>
        <line num="33" count="1" type="stmt"/>
        <line num="34" count="0" type="stmt"/>
        <line num="36" count="0" type="stmt"/>
        <line num="37" count="0" type="stmt"/>
        <line num="40" count="1" type="stmt"/>
        <line num="41" count="1" type="stmt"/>
        <line num="42" count="1" type="stmt"/>
        <line num="45" count="1" type="stmt"/>
      </file>
    </package>
    <package name="src.db">
      <metrics statements="37" coveredstatements="23" conditionals="12" coveredconditionals="4" methods="4" coveredmethods="2"/>
      <file name="config.ts" path="/home/vnnovate/Downloads/nodejs-typescript/src/db/config.ts">
        <metrics statements="31" coveredstatements="17" conditionals="10" coveredconditionals="2" methods="3" coveredmethods="1"/>
        <line num="1" count="2" type="stmt"/>
        <line num="2" count="2" type="stmt"/>
        <line num="3" count="2" type="stmt"/>
        <line num="6" count="2" type="stmt"/>
        <line num="8" count="2" type="stmt"/>
        <line num="10" count="2" type="cond" truecount="1" falsecount="1"/>
        <line num="11" count="2" type="stmt"/>
        <line num="12" count="2" type="stmt"/>
        <line num="13" count="2" type="stmt"/>
        <line num="14" count="2" type="stmt"/>
        <line num="16" count="2" type="stmt"/>
        <line num="18" count="0" type="stmt"/>
        <line num="20" count="0" type="stmt"/>
        <line num="22" count="0" type="cond" truecount="0" falsecount="2"/>
        <line num="23" count="0" type="stmt"/>
        <line num="26" count="0" type="stmt"/>
        <line num="27" count="0" type="stmt"/>
        <line num="28" count="0" type="cond" truecount="0" falsecount="2"/>
        <line num="30" count="0" type="stmt"/>
        <line num="32" count="0" type="cond" truecount="0" falsecount="2"/>
        <line num="33" count="0" type="stmt"/>
        <line num="34" count="0" type="stmt"/>
        <line num="38" count="3" type="stmt"/>
        <line num="39" count="3" type="stmt"/>
        <line num="41" count="3" type="cond" truecount="1" falsecount="1"/>
        <line num="42" count="3" type="stmt"/>
        <line num="45" count="0" type="stmt"/>
        <line num="46" count="0" type="stmt"/>
        <line num="48" count="0" type="stmt"/>
        <line num="53" count="2" type="stmt"/>
        <line num="60" count="2" type="stmt"/>
      </file>
      <file name="init.ts" path="/home/vnnovate/Downloads/nodejs-typescript/src/db/init.ts">
        <metrics statements="6" coveredstatements="6" conditionals="2" coveredconditionals="2" methods="1" coveredmethods="1"/>
        <line num="1" count="1" type="stmt"/>
        <line num="3" count="1" type="stmt"/>
        <line num="5" count="1" type="stmt"/>
        <line num="6" count="1" type="stmt"/>
        <line num="8" count="1" type="stmt"/>
        <line num="12" count="1" type="stmt"/>
      </file>
    </package>
    <package name="src.db.dal">
      <metrics statements="28" coveredstatements="17" conditionals="10" coveredconditionals="3" methods="14" coveredmethods="10"/>
      <file name="user.ts" path="/home/vnnovate/Downloads/nodejs-typescript/src/db/dal/user.ts">
        <metrics statements="28" coveredstatements="17" conditionals="10" coveredconditionals="3" methods="14" coveredmethods="10"/>
        <line num="1" count="2" type="stmt"/>
        <line num="4" count="2" type="stmt"/>
        <line num="5" count="1" type="stmt"/>
        <line num="6" count="0" type="stmt"/>
        <line num="8" count="1" type="cond" truecount="1" falsecount="1"/>
        <line num="9" count="1" type="stmt"/>
        <line num="11" count="0" type="stmt"/>
        <line num="16" count="2" type="stmt"/>
        <line num="17" count="1" type="stmt"/>
        <line num="21" count="1" type="cond" truecount="1" falsecount="1"/>
        <line num="23" count="0" type="stmt"/>
        <line num="26" count="1" type="stmt"/>
        <line num="27" count="1" type="stmt"/>
        <line num="29" count="0" type="cond" truecount="0" falsecount="2"/>
        <line num="30" count="0" type="stmt"/>
        <line num="32" count="0" type="stmt"/>
        <line num="37" count="2" type="stmt"/>
        <line num="38" count="1" type="stmt"/>
        <line num="42" count="1" type="cond" truecount="1" falsecount="1"/>
        <line num="44" count="0" type="stmt"/>
        <line num="47" count="1" type="stmt"/>
        <line num="50" count="2" type="stmt"/>
        <line num="51" count="0" type="stmt"/>
        <line num="55" count="0" type="cond" truecount="0" falsecount="2"/>
        <line num="56" count="0" type="stmt"/>
        <line num="58" count="0" type="stmt"/>
        <line num="62" count="2" type="stmt"/>
        <line num="63" count="1" type="stmt"/>
      </file>
    </package>
    <package name="src.db.models">
      <metrics statements="6" coveredstatements="6" conditionals="0" coveredconditionals="0" methods="0" coveredmethods="0"/>
      <file name="User.ts" path="/home/vnnovate/Downloads/nodejs-typescript/src/db/models/User.ts">
        <metrics statements="4" coveredstatements="4" conditionals="0" coveredconditionals="0" methods="0" coveredmethods="0"/>
        <line num="1" count="2" type="stmt"/>
        <line num="2" count="2" type="stmt"/>
        <line num="26" count="2" type="stmt"/>
        <line num="46" count="2" type="stmt"/>
      </file>
      <file name="index.ts" path="/home/vnnovate/Downloads/nodejs-typescript/src/db/models/index.ts">
        <metrics statements="2" coveredstatements="2" conditionals="0" coveredconditionals="0" methods="0" coveredmethods="0"/>
        <line num="1" count="2" type="stmt"/>
        <line num="4" count="2" type="stmt"/>
      </file>
    </package>
    <package name="src.db.services">
      <metrics statements="11" coveredstatements="8" conditionals="0" coveredconditionals="0" methods="7" coveredmethods="2"/>
      <file name="UserService.ts" path="/home/vnnovate/Downloads/nodejs-typescript/src/db/services/UserService.ts">
        <metrics statements="11" coveredstatements="8" conditionals="0" coveredconditionals="0" methods="7" coveredmethods="2"/>
        <line num="1" count="1" type="stmt"/>
        <line num="4" count="1" type="stmt"/>
        <line num="5" count="0" type="stmt"/>
        <line num="8" count="1" type="stmt"/>
        <line num="9" count="0" type="stmt"/>
        <line num="12" count="1" type="stmt"/>
        <line num="13" count="1" type="stmt"/>
        <line num="16" count="1" type="stmt"/>
        <line num="17" count="0" type="stmt"/>
        <line num="20" count="1" type="stmt"/>
        <line num="21" count="1" type="stmt"/>
      </file>
    </package>
    <package name="src.lib">
      <metrics statements="10" coveredstatements="7" conditionals="2" coveredconditionals="1" methods="6" coveredmethods="3"/>
      <file name="local-cache.ts" path="/home/vnnovate/Downloads/nodejs-typescript/src/lib/local-cache.ts">
        <metrics statements="10" coveredstatements="7" conditionals="2" coveredconditionals="1" methods="6" coveredmethods="3"/>
        <line num="1" count="2" type="stmt"/>
        <line num="11" count="2" type="stmt"/>
        <line num="18" count="2" type="cond" truecount="1" falsecount="1"/>
        <line num="19" count="2" type="stmt"/>
        <line num="22" count="2" type="stmt"/>
        <line num="26" count="0" type="stmt"/>
        <line num="30" count="0" type="stmt"/>
        <line num="34" count="0" type="stmt"/>
        <line num="38" count="3" type="stmt"/>
        <line num="42" count="2" type="stmt"/>
      </file>
    </package>
    <package name="tests">
      <metrics statements="3" coveredstatements="3" conditionals="0" coveredconditionals="0" methods="0" coveredmethods="0"/>
      <file name="helpers.ts" path="/home/vnnovate/Downloads/nodejs-typescript/tests/helpers.ts">
        <metrics statements="3" coveredstatements="3" conditionals="0" coveredconditionals="0" methods="0" coveredmethods="0"/>
        <line num="1" count="1" type="stmt"/>
        <line num="3" count="1" type="stmt"/>
        <line num="5" count="1" type="stmt"/>
      </file>
    </package>
  </project>
</coverage>
