{"/home/vnnovate/Downloads/nodejs-typescript/src/index.ts": {"path":"/home/vnnovate/Downloads/nodejs-typescript/src/index.ts","statementMap":{"0":{"start":{"line":1,"column":0},"end":{"line":1,"column":65}},"1":{"start":{"line":3,"column":0},"end":{"line":3,"column":33}},"2":{"start":{"line":4,"column":0},"end":{"line":4,"column":30}},"3":{"start":{"line":6,"column":0},"end":{"line":6,"column":null}},"4":{"start":{"line":8,"column":13},"end":{"line":8,"column":17}},"5":{"start":{"line":10,"column":19},"end":{"line":24,"column":1}},"6":{"start":{"line":11,"column":29},"end":{"line":11,"column":38}},"7":{"start":{"line":14,"column":4},"end":{"line":14,"column":28}},"8":{"start":{"line":15,"column":4},"end":{"line":15,"column":52}},"9":{"start":{"line":17,"column":4},"end":{"line":19,"column":null}},"10":{"start":{"line":17,"column":73},"end":{"line":19,"column":6}},"11":{"start":{"line":18,"column":8},"end":{"line":18,"column":null}},"12":{"start":{"line":21,"column":4},"end":{"line":21,"column":null}},"13":{"start":{"line":23,"column":4},"end":{"line":23,"column":null}},"14":{"start":{"line":10,"column":13},"end":{"line":10,"column":19}},"15":{"start":{"line":26,"column":21},"end":{"line":35,"column":1}},"16":{"start":{"line":27,"column":16},"end":{"line":27,"column":21}},"17":{"start":{"line":28,"column":4},"end":{"line":34,"column":null}},"18":{"start":{"line":29,"column":8},"end":{"line":31,"column":null}},"19":{"start":{"line":30,"column":12},"end":{"line":30,"column":null}},"20":{"start":{"line":33,"column":8},"end":{"line":33,"column":null}},"21":{"start":{"line":26,"column":13},"end":{"line":26,"column":21}},"22":{"start":{"line":37,"column":0},"end":{"line":37,"column":null}}},"fnMap":{"0":{"name":"(anonymous_8)","decl":{"start":{"line":10,"column":19},"end":{"line":10,"column":22}},"loc":{"start":{"line":10,"column":24},"end":{"line":24,"column":1}}},"1":{"name":"(anonymous_9)","decl":{"start":{"line":17,"column":17},"end":{"line":17,"column":23}},"loc":{"start":{"line":17,"column":73},"end":{"line":19,"column":6}}},"2":{"name":"(anonymous_10)","decl":{"start":{"line":17,"column":73},"end":{"line":17,"column":null}},"loc":{"start":{"line":17,"column":73},"end":{"line":19,"column":5}}},"3":{"name":"(anonymous_11)","decl":{"start":{"line":26,"column":21},"end":{"line":26,"column":24}},"loc":{"start":{"line":26,"column":26},"end":{"line":35,"column":1}}},"4":{"name":"(anonymous_12)","decl":{"start":{"line":29,"column":25},"end":{"line":29,"column":28}},"loc":{"start":{"line":29,"column":30},"end":{"line":31,"column":9}}}},"branchMap":{},"s":{"0":1,"1":1,"2":1,"3":1,"4":1,"5":1,"6":2,"7":2,"8":2,"9":2,"10":0,"11":0,"12":2,"13":2,"14":1,"15":1,"16":1,"17":1,"18":1,"19":1,"20":0,"21":1,"22":1},"f":{"0":2,"1":0,"2":0,"3":1,"4":1},"b":{}}
,"/home/vnnovate/Downloads/nodejs-typescript/src/api/controllers/user/index.ts": {"path":"/home/vnnovate/Downloads/nodejs-typescript/src/api/controllers/user/index.ts","statementMap":{"0":{"start":{"line":1,"column":0},"end":{"line":1,"column":59}},"1":{"start":{"line":4,"column":0},"end":{"line":4,"column":34}},"2":{"start":{"line":6,"column":22},"end":{"line":8,"column":null}},"3":{"start":{"line":6,"column":70},"end":{"line":8,"column":null}},"4":{"start":{"line":7,"column":4},"end":{"line":7,"column":null}},"5":{"start":{"line":6,"column":13},"end":{"line":6,"column":22}},"6":{"start":{"line":10,"column":22},"end":{"line":12,"column":null}},"7":{"start":{"line":10,"column":107},"end":{"line":12,"column":null}},"8":{"start":{"line":11,"column":4},"end":{"line":11,"column":null}},"9":{"start":{"line":10,"column":13},"end":{"line":10,"column":22}},"10":{"start":{"line":14,"column":23},"end":{"line":16,"column":null}},"11":{"start":{"line":14,"column":84},"end":{"line":16,"column":null}},"12":{"start":{"line":15,"column":4},"end":{"line":15,"column":null}},"13":{"start":{"line":14,"column":13},"end":{"line":14,"column":23}},"14":{"start":{"line":18,"column":26},"end":{"line":20,"column":null}},"15":{"start":{"line":18,"column":86},"end":{"line":20,"column":null}},"16":{"start":{"line":19,"column":4},"end":{"line":19,"column":null}},"17":{"start":{"line":18,"column":13},"end":{"line":18,"column":26}},"18":{"start":{"line":22,"column":22},"end":{"line":24,"column":null}},"19":{"start":{"line":22,"column":50},"end":{"line":24,"column":null}},"20":{"start":{"line":23,"column":4},"end":{"line":23,"column":null}},"21":{"start":{"line":22,"column":13},"end":{"line":22,"column":22}}},"fnMap":{"0":{"name":"(anonymous_13)","decl":{"start":{"line":6,"column":22},"end":{"line":6,"column":29}},"loc":{"start":{"line":6,"column":70},"end":{"line":8,"column":null}}},"1":{"name":"(anonymous_14)","decl":{"start":{"line":6,"column":70},"end":{"line":6,"column":null}},"loc":{"start":{"line":6,"column":70},"end":{"line":8,"column":1}}},"2":{"name":"(anonymous_15)","decl":{"start":{"line":10,"column":22},"end":{"line":10,"column":29}},"loc":{"start":{"line":10,"column":107},"end":{"line":12,"column":null}}},"3":{"name":"(anonymous_16)","decl":{"start":{"line":10,"column":107},"end":{"line":10,"column":null}},"loc":{"start":{"line":10,"column":107},"end":{"line":12,"column":1}}},"4":{"name":"(anonymous_17)","decl":{"start":{"line":14,"column":23},"end":{"line":14,"column":30}},"loc":{"start":{"line":14,"column":84},"end":{"line":16,"column":null}}},"5":{"name":"(anonymous_18)","decl":{"start":{"line":14,"column":84},"end":{"line":14,"column":null}},"loc":{"start":{"line":14,"column":84},"end":{"line":16,"column":1}}},"6":{"name":"(anonymous_19)","decl":{"start":{"line":18,"column":26},"end":{"line":18,"column":33}},"loc":{"start":{"line":18,"column":86},"end":{"line":20,"column":null}}},"7":{"name":"(anonymous_20)","decl":{"start":{"line":18,"column":86},"end":{"line":18,"column":null}},"loc":{"start":{"line":18,"column":86},"end":{"line":20,"column":1}}},"8":{"name":"(anonymous_21)","decl":{"start":{"line":22,"column":22},"end":{"line":22,"column":48}},"loc":{"start":{"line":22,"column":50},"end":{"line":24,"column":null}}},"9":{"name":"(anonymous_22)","decl":{"start":{"line":22,"column":50},"end":{"line":22,"column":null}},"loc":{"start":{"line":22,"column":50},"end":{"line":24,"column":1}}}},"branchMap":{},"s":{"0":1,"1":1,"2":1,"3":0,"4":0,"5":1,"6":1,"7":0,"8":0,"9":1,"10":1,"11":1,"12":1,"13":1,"14":1,"15":0,"16":0,"17":1,"18":1,"19":1,"20":1,"21":1},"f":{"0":0,"1":0,"2":0,"3":0,"4":1,"5":1,"6":0,"7":0,"8":1,"9":1},"b":{}}
,"/home/vnnovate/Downloads/nodejs-typescript/src/api/controllers/user/mapper.ts": {"path":"/home/vnnovate/Downloads/nodejs-typescript/src/api/controllers/user/mapper.ts","statementMap":{"0":{"start":{"line":4,"column":22},"end":{"line":16,"column":1}},"1":{"start":{"line":5,"column":4},"end":{"line":15,"column":null}},"2":{"start":{"line":6,"column":8},"end":{"line":12,"column":null}},"3":{"start":{"line":14,"column":8},"end":{"line":14,"column":null}},"4":{"start":{"line":4,"column":13},"end":{"line":4,"column":22}}},"fnMap":{"0":{"name":"(anonymous_0)","decl":{"start":{"line":4,"column":22},"end":{"line":4,"column":23}},"loc":{"start":{"line":4,"column":49},"end":{"line":16,"column":1}}}},"branchMap":{"0":{"loc":{"start":{"line":5,"column":4},"end":{"line":15,"column":null}},"type":"if","locations":[{"start":{"line":5,"column":4},"end":{"line":15,"column":null}},{"start":{"line":5,"column":4},"end":{"line":15,"column":null}}]}},"s":{"0":1,"1":3,"2":3,"3":0,"4":1},"f":{"0":3},"b":{"0":[3,0]}}
,"/home/vnnovate/Downloads/nodejs-typescript/src/api/routes/index.ts": {"path":"/home/vnnovate/Downloads/nodejs-typescript/src/api/routes/index.ts","statementMap":{"0":{"start":{"line":1,"column":0},"end":{"line":1,"column":32}},"1":{"start":{"line":2,"column":0},"end":{"line":2,"column":33}},"2":{"start":{"line":4,"column":15},"end":{"line":4,"column":23}},"3":{"start":{"line":6,"column":0},"end":{"line":6,"column":null}},"4":{"start":{"line":8,"column":0},"end":{"line":8,"column":null}}},"fnMap":{},"branchMap":{},"s":{"0":1,"1":1,"2":1,"3":1,"4":1},"f":{},"b":{}}
,"/home/vnnovate/Downloads/nodejs-typescript/src/api/routes/users.ts": {"path":"/home/vnnovate/Downloads/nodejs-typescript/src/api/routes/users.ts","statementMap":{"0":{"start":{"line":1,"column":0},"end":{"line":1,"column":50}},"1":{"start":{"line":3,"column":0},"end":{"line":3,"column":53}},"2":{"start":{"line":6,"column":20},"end":{"line":6,"column":28}},"3":{"start":{"line":8,"column":0},"end":{"line":14,"column":null}},"4":{"start":{"line":8,"column":79},"end":{"line":14,"column":2}},"5":{"start":{"line":9,"column":19},"end":{"line":9,"column":44}},"6":{"start":{"line":10,"column":24},"end":{"line":10,"column":46}},"7":{"start":{"line":12,"column":19},"end":{"line":12,"column":68}},"8":{"start":{"line":13,"column":4},"end":{"line":13,"column":null}},"9":{"start":{"line":16,"column":0},"end":{"line":23,"column":null}},"10":{"start":{"line":16,"column":81},"end":{"line":23,"column":2}},"11":{"start":{"line":17,"column":19},"end":{"line":17,"column":44}},"12":{"start":{"line":18,"column":24},"end":{"line":18,"column":46}},"13":{"start":{"line":19,"column":34},"end":{"line":19,"column":42}},"14":{"start":{"line":21,"column":19},"end":{"line":21,"column":76}},"15":{"start":{"line":22,"column":4},"end":{"line":22,"column":null}},"16":{"start":{"line":25,"column":0},"end":{"line":31,"column":null}},"17":{"start":{"line":25,"column":82},"end":{"line":31,"column":2}},"18":{"start":{"line":26,"column":19},"end":{"line":26,"column":44}},"19":{"start":{"line":27,"column":24},"end":{"line":27,"column":46}},"20":{"start":{"line":29,"column":19},"end":{"line":29,"column":71}},"21":{"start":{"line":30,"column":4},"end":{"line":30,"column":null}},"22":{"start":{"line":33,"column":0},"end":{"line":38,"column":null}},"23":{"start":{"line":33,"column":60},"end":{"line":38,"column":2}},"24":{"start":{"line":34,"column":34},"end":{"line":34,"column":42}},"25":{"start":{"line":36,"column":19},"end":{"line":36,"column":55}},"26":{"start":{"line":37,"column":4},"end":{"line":37,"column":null}},"27":{"start":{"line":40,"column":0},"end":{"line":43,"column":null}},"28":{"start":{"line":40,"column":59},"end":{"line":43,"column":2}},"29":{"start":{"line":41,"column":20},"end":{"line":41,"column":49}},"30":{"start":{"line":42,"column":4},"end":{"line":42,"column":null}},"31":{"start":{"line":45,"column":0},"end":{"line":45,"column":null}}},"fnMap":{"0":{"name":"(anonymous_13)","decl":{"start":{"line":8,"column":41},"end":{"line":8,"column":48}},"loc":{"start":{"line":8,"column":79},"end":{"line":14,"column":2}}},"1":{"name":"(anonymous_14)","decl":{"start":{"line":8,"column":79},"end":{"line":8,"column":null}},"loc":{"start":{"line":8,"column":79},"end":{"line":14,"column":1}}},"2":{"name":"(anonymous_15)","decl":{"start":{"line":16,"column":43},"end":{"line":16,"column":50}},"loc":{"start":{"line":16,"column":81},"end":{"line":23,"column":2}}},"3":{"name":"(anonymous_16)","decl":{"start":{"line":16,"column":81},"end":{"line":16,"column":null}},"loc":{"start":{"line":16,"column":81},"end":{"line":23,"column":1}}},"4":{"name":"(anonymous_17)","decl":{"start":{"line":25,"column":44},"end":{"line":25,"column":51}},"loc":{"start":{"line":25,"column":82},"end":{"line":31,"column":2}}},"5":{"name":"(anonymous_18)","decl":{"start":{"line":25,"column":82},"end":{"line":25,"column":null}},"loc":{"start":{"line":25,"column":82},"end":{"line":31,"column":1}}},"6":{"name":"(anonymous_19)","decl":{"start":{"line":33,"column":22},"end":{"line":33,"column":29}},"loc":{"start":{"line":33,"column":60},"end":{"line":38,"column":2}}},"7":{"name":"(anonymous_20)","decl":{"start":{"line":33,"column":60},"end":{"line":33,"column":null}},"loc":{"start":{"line":33,"column":60},"end":{"line":38,"column":1}}},"8":{"name":"(anonymous_21)","decl":{"start":{"line":40,"column":21},"end":{"line":40,"column":28}},"loc":{"start":{"line":40,"column":59},"end":{"line":43,"column":2}}},"9":{"name":"(anonymous_22)","decl":{"start":{"line":40,"column":59},"end":{"line":40,"column":null}},"loc":{"start":{"line":40,"column":59},"end":{"line":43,"column":1}}}},"branchMap":{},"s":{"0":1,"1":1,"2":1,"3":1,"4":1,"5":1,"6":1,"7":1,"8":1,"9":1,"10":0,"11":0,"12":0,"13":0,"14":0,"15":0,"16":1,"17":0,"18":0,"19":0,"20":0,"21":0,"22":1,"23":0,"24":0,"25":0,"26":0,"27":1,"28":1,"29":1,"30":1,"31":1},"f":{"0":1,"1":1,"2":0,"3":0,"4":0,"5":0,"6":0,"7":0,"8":1,"9":1},"b":{}}
,"/home/vnnovate/Downloads/nodejs-typescript/src/db/config.ts": {"path":"/home/vnnovate/Downloads/nodejs-typescript/src/db/config.ts","statementMap":{"0":{"start":{"line":1,"column":0},"end":{"line":1,"column":null}},"1":{"start":{"line":2,"column":0},"end":{"line":2,"column":28}},"2":{"start":{"line":3,"column":0},"end":{"line":3,"column":53}},"3":{"start":{"line":6,"column":0},"end":{"line":6,"column":43}},"4":{"start":{"line":8,"column":15},"end":{"line":8,"column":46}},"5":{"start":{"line":10,"column":15},"end":{"line":10,"column":90}},"6":{"start":{"line":11,"column":15},"end":{"line":11,"column":44}},"7":{"start":{"line":12,"column":15},"end":{"line":12,"column":34}},"8":{"start":{"line":13,"column":17},"end":{"line":13,"column":49}},"9":{"start":{"line":14,"column":19},"end":{"line":14,"column":42}},"10":{"start":{"line":16,"column":66},"end":{"line":50,"column":null}},"11":{"start":{"line":18,"column":21},"end":{"line":18,"column":66}},"12":{"start":{"line":20,"column":24},"end":{"line":20,"column":53}},"13":{"start":{"line":22,"column":4},"end":{"line":24,"column":null}},"14":{"start":{"line":23,"column":6},"end":{"line":23,"column":12}},"15":{"start":{"line":26,"column":24},"end":{"line":26,"column":62}},"16":{"start":{"line":27,"column":22},"end":{"line":27,"column":90}},"17":{"start":{"line":27,"column":52},"end":{"line":27,"column":89}},"18":{"start":{"line":28,"column":24},"end":{"line":28,"column":64}},"19":{"start":{"line":30,"column":25},"end":{"line":30,"column":55}},"20":{"start":{"line":32,"column":4},"end":{"line":35,"column":null}},"21":{"start":{"line":33,"column":6},"end":{"line":33,"column":null}},"22":{"start":{"line":34,"column":6},"end":{"line":34,"column":null}},"23":{"start":{"line":38,"column":21},"end":{"line":38,"column":66}},"24":{"start":{"line":39,"column":24},"end":{"line":39,"column":53}},"25":{"start":{"line":41,"column":4},"end":{"line":43,"column":null}},"26":{"start":{"line":42,"column":6},"end":{"line":42,"column":12}},"27":{"start":{"line":45,"column":24},"end":{"line":45,"column":62}},"28":{"start":{"line":46,"column":4},"end":{"line":46,"column":null}},"29":{"start":{"line":48,"column":4},"end":{"line":48,"column":null}},"30":{"start":{"line":53,"column":28},"end":{"line":58,"column":2}},"31":{"start":{"line":60,"column":0},"end":{"line":60,"column":null}}},"fnMap":{"0":{"name":"(anonymous_1)","decl":{"start":{"line":17,"column":15},"end":{"line":17,"column":16}},"loc":{"start":{"line":17,"column":45},"end":{"line":36,"column":3}}},"1":{"name":"(anonymous_2)","decl":{"start":{"line":27,"column":44},"end":{"line":27,"column":45}},"loc":{"start":{"line":27,"column":52},"end":{"line":27,"column":89}}},"2":{"name":"(anonymous_3)","decl":{"start":{"line":37,"column":15},"end":{"line":37,"column":16}},"loc":{"start":{"line":37,"column":45},"end":{"line":49,"column":3}}}},"branchMap":{"0":{"loc":{"start":{"line":10,"column":24},"end":{"line":10,"column":58}},"type":"cond-expr","locations":[{"start":{"line":10,"column":24},"end":{"line":10,"column":58}},{"start":{"line":10,"column":61},"end":{"line":10,"column":90}}]},"1":{"loc":{"start":{"line":22,"column":4},"end":{"line":24,"column":null}},"type":"if","locations":[{"start":{"line":22,"column":4},"end":{"line":24,"column":null}},{"start":{"line":22,"column":4},"end":{"line":24,"column":null}}]},"2":{"loc":{"start":{"line":28,"column":37},"end":{"line":28,"column":59}},"type":"cond-expr","locations":[{"start":{"line":28,"column":37},"end":{"line":28,"column":59}},{"start":{"line":28,"column":62},"end":{"line":28,"column":64}}]},"3":{"loc":{"start":{"line":32,"column":4},"end":{"line":35,"column":null}},"type":"if","locations":[{"start":{"line":32,"column":4},"end":{"line":35,"column":null}},{"start":{"line":32,"column":4},"end":{"line":35,"column":null}}]},"4":{"loc":{"start":{"line":41,"column":4},"end":{"line":43,"column":null}},"type":"if","locations":[{"start":{"line":41,"column":4},"end":{"line":43,"column":null}},{"start":{"line":41,"column":4},"end":{"line":43,"column":null}}]}},"s":{"0":2,"1":2,"2":2,"3":2,"4":2,"5":2,"6":2,"7":2,"8":2,"9":2,"10":2,"11":0,"12":0,"13":0,"14":0,"15":0,"16":0,"17":0,"18":0,"19":0,"20":0,"21":0,"22":0,"23":3,"24":3,"25":3,"26":3,"27":0,"28":0,"29":0,"30":2,"31":2},"f":{"0":0,"1":0,"2":3},"b":{"0":[2,0],"1":[0,0],"2":[0,0],"3":[0,0],"4":[3,0]}}
,"/home/vnnovate/Downloads/nodejs-typescript/src/db/init.ts": {"path":"/home/vnnovate/Downloads/nodejs-typescript/src/db/init.ts","statementMap":{"0":{"start":{"line":1,"column":0},"end":{"line":1,"column":null}},"1":{"start":{"line":3,"column":0},"end":{"line":3,"column":31}},"2":{"start":{"line":5,"column":14},"end":{"line":5,"column":52}},"3":{"start":{"line":6,"column":15},"end":{"line":6,"column":46}},"4":{"start":{"line":8,"column":15},"end":{"line":10,"column":4}},"5":{"start":{"line":8,"column":21},"end":{"line":10,"column":4}},"6":{"start":{"line":12,"column":0},"end":{"line":12,"column":null}}},"fnMap":{"0":{"name":"(anonymous_0)","decl":{"start":{"line":8,"column":15},"end":{"line":8,"column":18}},"loc":{"start":{"line":8,"column":21},"end":{"line":10,"column":4}}}},"branchMap":{"0":{"loc":{"start":{"line":9,"column":23},"end":{"line":9,"column":28}},"type":"binary-expr","locations":[{"start":{"line":9,"column":23},"end":{"line":9,"column":28}},{"start":{"line":9,"column":32},"end":{"line":9,"column":38}}]}},"s":{"0":1,"1":1,"2":1,"3":1,"4":1,"5":1,"6":1},"f":{"0":1},"b":{"0":[1,1]}}
,"/home/vnnovate/Downloads/nodejs-typescript/src/db/dal/user.ts": {"path":"/home/vnnovate/Downloads/nodejs-typescript/src/db/dal/user.ts","statementMap":{"0":{"start":{"line":1,"column":0},"end":{"line":1,"column":30}},"1":{"start":{"line":4,"column":22},"end":{"line":14,"column":null}},"2":{"start":{"line":4,"column":78},"end":{"line":14,"column":null}},"3":{"start":{"line":5,"column":4},"end":{"line":13,"column":null}},"4":{"start":{"line":6,"column":8},"end":{"line":6,"column":null}},"5":{"start":{"line":8,"column":8},"end":{"line":12,"column":null}},"6":{"start":{"line":9,"column":12},"end":{"line":9,"column":null}},"7":{"start":{"line":11,"column":12},"end":{"line":11,"column":null}},"8":{"start":{"line":4,"column":13},"end":{"line":4,"column":22}},"9":{"start":{"line":16,"column":22},"end":{"line":35,"column":null}},"10":{"start":{"line":16,"column":124},"end":{"line":35,"column":null}},"11":{"start":{"line":17,"column":17},"end":{"line":19,"column":6}},"12":{"start":{"line":21,"column":4},"end":{"line":24,"column":null}},"13":{"start":{"line":23,"column":8},"end":{"line":23,"column":40}},"14":{"start":{"line":26,"column":4},"end":{"line":34,"column":null}},"15":{"start":{"line":27,"column":8},"end":{"line":27,"column":null}},"16":{"start":{"line":29,"column":8},"end":{"line":33,"column":null}},"17":{"start":{"line":30,"column":12},"end":{"line":30,"column":null}},"18":{"start":{"line":32,"column":12},"end":{"line":32,"column":null}},"19":{"start":{"line":16,"column":13},"end":{"line":16,"column":22}},"20":{"start":{"line":37,"column":23},"end":{"line":48,"column":null}},"21":{"start":{"line":37,"column":96},"end":{"line":48,"column":null}},"22":{"start":{"line":38,"column":17},"end":{"line":40,"column":6}},"23":{"start":{"line":42,"column":4},"end":{"line":45,"column":null}},"24":{"start":{"line":44,"column":8},"end":{"line":44,"column":40}},"25":{"start":{"line":47,"column":4},"end":{"line":47,"column":null}},"26":{"start":{"line":37,"column":13},"end":{"line":37,"column":23}},"27":{"start":{"line":50,"column":26},"end":{"line":60,"column":null}},"28":{"start":{"line":50,"column":86},"end":{"line":60,"column":null}},"29":{"start":{"line":51,"column":25},"end":{"line":53,"column":6}},"30":{"start":{"line":55,"column":4},"end":{"line":59,"column":null}},"31":{"start":{"line":56,"column":8},"end":{"line":56,"column":38}},"32":{"start":{"line":58,"column":8},"end":{"line":58,"column":40}},"33":{"start":{"line":50,"column":13},"end":{"line":50,"column":26}},"34":{"start":{"line":62,"column":22},"end":{"line":64,"column":null}},"35":{"start":{"line":62,"column":56},"end":{"line":64,"column":null}},"36":{"start":{"line":63,"column":4},"end":{"line":63,"column":null}},"37":{"start":{"line":62,"column":13},"end":{"line":62,"column":22}}},"fnMap":{"0":{"name":"(anonymous_7)","decl":{"start":{"line":4,"column":22},"end":{"line":4,"column":29}},"loc":{"start":{"line":4,"column":78},"end":{"line":14,"column":null}}},"1":{"name":"(anonymous_8)","decl":{"start":{"line":4,"column":78},"end":{"line":4,"column":null}},"loc":{"start":{"line":4,"column":78},"end":{"line":14,"column":1}}},"2":{"name":"(anonymous_9)","decl":{"start":{"line":5,"column":43},"end":{"line":5,"column":44}},"loc":{"start":{"line":5,"column":51},"end":{"line":7,"column":5}}},"3":{"name":"(anonymous_10)","decl":{"start":{"line":7,"column":13},"end":{"line":7,"column":14}},"loc":{"start":{"line":7,"column":22},"end":{"line":13,"column":5}}},"4":{"name":"(anonymous_11)","decl":{"start":{"line":16,"column":22},"end":{"line":16,"column":29}},"loc":{"start":{"line":16,"column":124},"end":{"line":35,"column":null}}},"5":{"name":"(anonymous_12)","decl":{"start":{"line":16,"column":124},"end":{"line":16,"column":null}},"loc":{"start":{"line":16,"column":124},"end":{"line":35,"column":1}}},"6":{"name":"(anonymous_13)","decl":{"start":{"line":26,"column":43},"end":{"line":26,"column":44}},"loc":{"start":{"line":26,"column":51},"end":{"line":28,"column":5}}},"7":{"name":"(anonymous_14)","decl":{"start":{"line":28,"column":13},"end":{"line":28,"column":14}},"loc":{"start":{"line":28,"column":22},"end":{"line":34,"column":5}}},"8":{"name":"(anonymous_15)","decl":{"start":{"line":37,"column":23},"end":{"line":37,"column":30}},"loc":{"start":{"line":37,"column":96},"end":{"line":48,"column":null}}},"9":{"name":"(anonymous_16)","decl":{"start":{"line":37,"column":96},"end":{"line":37,"column":null}},"loc":{"start":{"line":37,"column":96},"end":{"line":48,"column":1}}},"10":{"name":"(anonymous_17)","decl":{"start":{"line":50,"column":26},"end":{"line":50,"column":33}},"loc":{"start":{"line":50,"column":86},"end":{"line":60,"column":null}}},"11":{"name":"(anonymous_18)","decl":{"start":{"line":50,"column":86},"end":{"line":50,"column":null}},"loc":{"start":{"line":50,"column":86},"end":{"line":60,"column":1}}},"12":{"name":"(anonymous_19)","decl":{"start":{"line":62,"column":22},"end":{"line":62,"column":54}},"loc":{"start":{"line":62,"column":56},"end":{"line":64,"column":null}}},"13":{"name":"(anonymous_20)","decl":{"start":{"line":62,"column":56},"end":{"line":62,"column":null}},"loc":{"start":{"line":62,"column":56},"end":{"line":64,"column":1}}}},"branchMap":{"0":{"loc":{"start":{"line":8,"column":8},"end":{"line":12,"column":null}},"type":"if","locations":[{"start":{"line":8,"column":8},"end":{"line":12,"column":null}},{"start":{"line":8,"column":8},"end":{"line":12,"column":null}}]},"1":{"loc":{"start":{"line":21,"column":4},"end":{"line":24,"column":null}},"type":"if","locations":[{"start":{"line":21,"column":4},"end":{"line":24,"column":null}},{"start":{"line":21,"column":4},"end":{"line":24,"column":null}}]},"2":{"loc":{"start":{"line":29,"column":8},"end":{"line":33,"column":null}},"type":"if","locations":[{"start":{"line":29,"column":8},"end":{"line":33,"column":null}},{"start":{"line":29,"column":8},"end":{"line":33,"column":null}}]},"3":{"loc":{"start":{"line":42,"column":4},"end":{"line":45,"column":null}},"type":"if","locations":[{"start":{"line":42,"column":4},"end":{"line":45,"column":null}},{"start":{"line":42,"column":4},"end":{"line":45,"column":null}}]},"4":{"loc":{"start":{"line":55,"column":4},"end":{"line":59,"column":null}},"type":"if","locations":[{"start":{"line":55,"column":4},"end":{"line":59,"column":null}},{"start":{"line":55,"column":4},"end":{"line":59,"column":null}}]}},"s":{"0":2,"1":2,"2":1,"3":1,"4":0,"5":1,"6":1,"7":0,"8":2,"9":2,"10":1,"11":1,"12":1,"13":0,"14":1,"15":1,"16":0,"17":0,"18":0,"19":2,"20":2,"21":1,"22":1,"23":1,"24":0,"25":1,"26":2,"27":2,"28":0,"29":0,"30":0,"31":0,"32":0,"33":2,"34":2,"35":1,"36":1,"37":2},"f":{"0":1,"1":1,"2":0,"3":1,"4":1,"5":1,"6":1,"7":0,"8":1,"9":1,"10":0,"11":0,"12":1,"13":1},"b":{"0":[1,0],"1":[0,1],"2":[0,0],"3":[0,1],"4":[0,0]}}
,"/home/vnnovate/Downloads/nodejs-typescript/src/db/models/User.ts": {"path":"/home/vnnovate/Downloads/nodejs-typescript/src/db/models/User.ts","statementMap":{"0":{"start":{"line":1,"column":0},"end":{"line":1,"column":54}},"1":{"start":{"line":2,"column":0},"end":{"line":2,"column":43}},"2":{"start":{"line":26,"column":0},"end":{"line":44,"column":null}},"3":{"start":{"line":46,"column":0},"end":{"line":46,"column":null}}},"fnMap":{},"branchMap":{},"s":{"0":2,"1":2,"2":2,"3":2},"f":{},"b":{}}
,"/home/vnnovate/Downloads/nodejs-typescript/src/db/models/index.ts": {"path":"/home/vnnovate/Downloads/nodejs-typescript/src/db/models/index.ts","statementMap":{"0":{"start":{"line":1,"column":0},"end":{"line":1,"column":7}},"1":{"start":{"line":4,"column":2},"end":{"line":1,"column":25}}},"fnMap":{},"branchMap":{},"s":{"0":2,"1":2},"f":{},"b":{}}
,"/home/vnnovate/Downloads/nodejs-typescript/src/db/services/UserService.ts": {"path":"/home/vnnovate/Downloads/nodejs-typescript/src/db/services/UserService.ts","statementMap":{"0":{"start":{"line":1,"column":0},"end":{"line":1,"column":38}},"1":{"start":{"line":4,"column":22},"end":{"line":6,"column":null}},"2":{"start":{"line":4,"column":72},"end":{"line":6,"column":null}},"3":{"start":{"line":5,"column":4},"end":{"line":5,"column":null}},"4":{"start":{"line":4,"column":13},"end":{"line":4,"column":22}},"5":{"start":{"line":8,"column":22},"end":{"line":10,"column":null}},"6":{"start":{"line":8,"column":118},"end":{"line":10,"column":null}},"7":{"start":{"line":9,"column":4},"end":{"line":9,"column":null}},"8":{"start":{"line":8,"column":13},"end":{"line":8,"column":22}},"9":{"start":{"line":12,"column":23},"end":{"line":14,"column":1}},"10":{"start":{"line":13,"column":4},"end":{"line":13,"column":null}},"11":{"start":{"line":12,"column":13},"end":{"line":12,"column":23}},"12":{"start":{"line":16,"column":26},"end":{"line":18,"column":1}},"13":{"start":{"line":17,"column":4},"end":{"line":17,"column":null}},"14":{"start":{"line":16,"column":13},"end":{"line":16,"column":26}},"15":{"start":{"line":20,"column":22},"end":{"line":22,"column":1}},"16":{"start":{"line":21,"column":4},"end":{"line":21,"column":null}},"17":{"start":{"line":20,"column":13},"end":{"line":20,"column":22}}},"fnMap":{"0":{"name":"(anonymous_13)","decl":{"start":{"line":4,"column":22},"end":{"line":4,"column":29}},"loc":{"start":{"line":4,"column":72},"end":{"line":6,"column":null}}},"1":{"name":"(anonymous_14)","decl":{"start":{"line":4,"column":72},"end":{"line":4,"column":null}},"loc":{"start":{"line":4,"column":72},"end":{"line":6,"column":1}}},"2":{"name":"(anonymous_15)","decl":{"start":{"line":8,"column":22},"end":{"line":8,"column":29}},"loc":{"start":{"line":8,"column":118},"end":{"line":10,"column":null}}},"3":{"name":"(anonymous_16)","decl":{"start":{"line":8,"column":118},"end":{"line":8,"column":null}},"loc":{"start":{"line":8,"column":118},"end":{"line":10,"column":1}}},"4":{"name":"(anonymous_17)","decl":{"start":{"line":12,"column":23},"end":{"line":12,"column":24}},"loc":{"start":{"line":12,"column":84},"end":{"line":14,"column":1}}},"5":{"name":"(anonymous_18)","decl":{"start":{"line":16,"column":26},"end":{"line":16,"column":27}},"loc":{"start":{"line":16,"column":80},"end":{"line":18,"column":1}}},"6":{"name":"(anonymous_19)","decl":{"start":{"line":20,"column":22},"end":{"line":20,"column":48}},"loc":{"start":{"line":20,"column":50},"end":{"line":22,"column":1}}}},"branchMap":{},"s":{"0":1,"1":1,"2":0,"3":0,"4":1,"5":1,"6":0,"7":0,"8":1,"9":1,"10":1,"11":1,"12":1,"13":0,"14":1,"15":1,"16":1,"17":1},"f":{"0":0,"1":0,"2":0,"3":0,"4":1,"5":0,"6":1},"b":{}}
,"/home/vnnovate/Downloads/nodejs-typescript/src/lib/local-cache.ts": {"path":"/home/vnnovate/Downloads/nodejs-typescript/src/lib/local-cache.ts","statementMap":{"0":{"start":{"line":1,"column":0},"end":{"line":1,"column":34}},"1":{"start":{"line":11,"column":8},"end":{"line":14,"column":null}},"2":{"start":{"line":18,"column":8},"end":{"line":20,"column":null}},"3":{"start":{"line":19,"column":12},"end":{"line":19,"column":null}},"4":{"start":{"line":22,"column":8},"end":{"line":22,"column":null}},"5":{"start":{"line":26,"column":8},"end":{"line":26,"column":null}},"6":{"start":{"line":30,"column":8},"end":{"line":30,"column":null}},"7":{"start":{"line":34,"column":8},"end":{"line":34,"column":null}},"8":{"start":{"line":38,"column":8},"end":{"line":38,"column":null}},"9":{"start":{"line":42,"column":0},"end":{"line":42,"column":null}}},"fnMap":{"0":{"name":"(anonymous_1)","decl":{"start":{"line":10,"column":4},"end":{"line":10,"column":24}},"loc":{"start":{"line":10,"column":42},"end":{"line":15,"column":5}}},"1":{"name":"(anonymous_2)","decl":{"start":{"line":17,"column":11},"end":{"line":17,"column":17}},"loc":{"start":{"line":17,"column":29},"end":{"line":23,"column":5}}},"2":{"name":"(anonymous_3)","decl":{"start":{"line":25,"column":11},"end":{"line":25,"column":14}},"loc":{"start":{"line":25,"column":31},"end":{"line":27,"column":5}}},"3":{"name":"(anonymous_4)","decl":{"start":{"line":29,"column":11},"end":{"line":29,"column":14}},"loc":{"start":{"line":29,"column":40},"end":{"line":31,"column":5}}},"4":{"name":"(anonymous_5)","decl":{"start":{"line":33,"column":11},"end":{"line":33,"column":16}},"loc":{"start":{"line":33,"column":30},"end":{"line":35,"column":5}}},"5":{"name":"(anonymous_6)","decl":{"start":{"line":37,"column":11},"end":{"line":37,"column":17}},"loc":{"start":{"line":37,"column":31},"end":{"line":39,"column":5}}}},"branchMap":{"0":{"loc":{"start":{"line":18,"column":8},"end":{"line":20,"column":null}},"type":"if","locations":[{"start":{"line":18,"column":8},"end":{"line":20,"column":null}},{"start":{"line":18,"column":8},"end":{"line":20,"column":null}}]}},"s":{"0":2,"1":2,"2":2,"3":2,"4":2,"5":0,"6":0,"7":0,"8":3,"9":2},"f":{"0":2,"1":2,"2":0,"3":0,"4":0,"5":3},"b":{"0":[2,0]}}
,"/home/vnnovate/Downloads/nodejs-typescript/tests/helpers.ts": {"path":"/home/vnnovate/Downloads/nodejs-typescript/tests/helpers.ts","statementMap":{"0":{"start":{"line":1,"column":0},"end":{"line":1,"column":45}},"1":{"start":{"line":3,"column":0},"end":{"line":3,"column":50}},"2":{"start":{"line":5,"column":13},"end":{"line":5,"column":null}}},"fnMap":{},"branchMap":{},"s":{"0":1,"1":1,"2":1},"f":{},"b":{}}
}
