TN:
SF:src/index.ts
FN:10,(anonymous_8)
FN:17,(anonymous_9)
FN:17,(anonymous_10)
FN:26,(anonymous_11)
FN:29,(anonymous_12)
FNF:5
FNH:3
FNDA:2,(anonymous_8)
FNDA:0,(anonymous_9)
FNDA:0,(anonymous_10)
FNDA:1,(anonymous_11)
FNDA:1,(anonymous_12)
DA:1,1
DA:3,1
DA:4,1
DA:6,1
DA:8,1
DA:10,1
DA:11,2
DA:14,2
DA:15,2
DA:17,2
DA:18,0
DA:21,2
DA:23,2
DA:26,1
DA:27,1
DA:28,1
DA:29,1
DA:30,1
DA:33,0
DA:37,1
LF:20
LH:18
BRF:0
BRH:0
end_of_record
TN:
SF:src/api/controllers/user/index.ts
FN:6,(anonymous_13)
FN:6,(anonymous_14)
FN:10,(anonymous_15)
FN:10,(anonymous_16)
FN:14,(anonymous_17)
FN:14,(anonymous_18)
FN:18,(anonymous_19)
FN:18,(anonymous_20)
FN:22,(anonymous_21)
FN:22,(anonymous_22)
FNF:10
FNH:4
FNDA:0,(anonymous_13)
FNDA:0,(anonymous_14)
FNDA:0,(anonymous_15)
FNDA:0,(anonymous_16)
FNDA:1,(anonymous_17)
FNDA:1,(anonymous_18)
FNDA:0,(anonymous_19)
FNDA:0,(anonymous_20)
FNDA:1,(anonymous_21)
FNDA:1,(anonymous_22)
DA:1,1
DA:4,1
DA:6,1
DA:7,0
DA:10,1
DA:11,0
DA:14,1
DA:15,1
DA:18,1
DA:19,0
DA:22,1
DA:23,1
LF:12
LH:9
BRF:0
BRH:0
end_of_record
TN:
SF:src/api/controllers/user/mapper.ts
FN:4,(anonymous_0)
FNF:1
FNH:1
FNDA:3,(anonymous_0)
DA:4,1
DA:5,3
DA:6,3
DA:14,0
LF:4
LH:3
BRDA:5,0,0,3
BRDA:5,0,1,0
BRF:2
BRH:1
end_of_record
TN:
SF:src/api/routes/index.ts
FNF:0
FNH:0
DA:1,1
DA:2,1
DA:4,1
DA:6,1
DA:8,1
LF:5
LH:5
BRF:0
BRH:0
end_of_record
TN:
SF:src/api/routes/users.ts
FN:8,(anonymous_13)
FN:8,(anonymous_14)
FN:16,(anonymous_15)
FN:16,(anonymous_16)
FN:25,(anonymous_17)
FN:25,(anonymous_18)
FN:33,(anonymous_19)
FN:33,(anonymous_20)
FN:40,(anonymous_21)
FN:40,(anonymous_22)
FNF:10
FNH:4
FNDA:1,(anonymous_13)
FNDA:1,(anonymous_14)
FNDA:0,(anonymous_15)
FNDA:0,(anonymous_16)
FNDA:0,(anonymous_17)
FNDA:0,(anonymous_18)
FNDA:0,(anonymous_19)
FNDA:0,(anonymous_20)
FNDA:1,(anonymous_21)
FNDA:1,(anonymous_22)
DA:1,1
DA:3,1
DA:6,1
DA:8,1
DA:9,1
DA:10,1
DA:12,1
DA:13,1
DA:16,1
DA:17,0
DA:18,0
DA:19,0
DA:21,0
DA:22,0
DA:25,1
DA:26,0
DA:27,0
DA:29,0
DA:30,0
DA:33,1
DA:34,0
DA:36,0
DA:37,0
DA:40,1
DA:41,1
DA:42,1
DA:45,1
LF:27
LH:15
BRF:0
BRH:0
end_of_record
TN:
SF:src/db/config.ts
FN:17,(anonymous_1)
FN:27,(anonymous_2)
FN:37,(anonymous_3)
FNF:3
FNH:1
FNDA:0,(anonymous_1)
FNDA:0,(anonymous_2)
FNDA:3,(anonymous_3)
DA:1,2
DA:2,2
DA:3,2
DA:6,2
DA:8,2
DA:10,2
DA:11,2
DA:12,2
DA:13,2
DA:14,2
DA:16,2
DA:18,0
DA:20,0
DA:22,0
DA:23,0
DA:26,0
DA:27,0
DA:28,0
DA:30,0
DA:32,0
DA:33,0
DA:34,0
DA:38,3
DA:39,3
DA:41,3
DA:42,3
DA:45,0
DA:46,0
DA:48,0
DA:53,2
DA:60,2
LF:31
LH:17
BRDA:10,0,0,2
BRDA:10,0,1,0
BRDA:22,1,0,0
BRDA:22,1,1,0
BRDA:28,2,0,0
BRDA:28,2,1,0
BRDA:32,3,0,0
BRDA:32,3,1,0
BRDA:41,4,0,3
BRDA:41,4,1,0
BRF:10
BRH:2
end_of_record
TN:
SF:src/db/init.ts
FN:8,(anonymous_0)
FNF:1
FNH:1
FNDA:1,(anonymous_0)
DA:1,1
DA:3,1
DA:5,1
DA:6,1
DA:8,1
DA:12,1
LF:6
LH:6
BRDA:9,0,0,1
BRDA:9,0,1,1
BRF:2
BRH:2
end_of_record
TN:
SF:src/db/dal/user.ts
FN:4,(anonymous_7)
FN:4,(anonymous_8)
FN:5,(anonymous_9)
FN:7,(anonymous_10)
FN:16,(anonymous_11)
FN:16,(anonymous_12)
FN:26,(anonymous_13)
FN:28,(anonymous_14)
FN:37,(anonymous_15)
FN:37,(anonymous_16)
FN:50,(anonymous_17)
FN:50,(anonymous_18)
FN:62,(anonymous_19)
FN:62,(anonymous_20)
FNF:14
FNH:10
FNDA:1,(anonymous_7)
FNDA:1,(anonymous_8)
FNDA:0,(anonymous_9)
FNDA:1,(anonymous_10)
FNDA:1,(anonymous_11)
FNDA:1,(anonymous_12)
FNDA:1,(anonymous_13)
FNDA:0,(anonymous_14)
FNDA:1,(anonymous_15)
FNDA:1,(anonymous_16)
FNDA:0,(anonymous_17)
FNDA:0,(anonymous_18)
FNDA:1,(anonymous_19)
FNDA:1,(anonymous_20)
DA:1,2
DA:4,2
DA:5,1
DA:6,0
DA:8,1
DA:9,1
DA:11,0
DA:16,2
DA:17,1
DA:21,1
DA:23,0
DA:26,1
DA:27,1
DA:29,0
DA:30,0
DA:32,0
DA:37,2
DA:38,1
DA:42,1
DA:44,0
DA:47,1
DA:50,2
DA:51,0
DA:55,0
DA:56,0
DA:58,0
DA:62,2
DA:63,1
LF:28
LH:17
BRDA:8,0,0,1
BRDA:8,0,1,0
BRDA:21,1,0,0
BRDA:21,1,1,1
BRDA:29,2,0,0
BRDA:29,2,1,0
BRDA:42,3,0,0
BRDA:42,3,1,1
BRDA:55,4,0,0
BRDA:55,4,1,0
BRF:10
BRH:3
end_of_record
TN:
SF:src/db/models/User.ts
FNF:0
FNH:0
DA:1,2
DA:2,2
DA:26,2
DA:46,2
LF:4
LH:4
BRF:0
BRH:0
end_of_record
TN:
SF:src/db/models/index.ts
FNF:0
FNH:0
DA:1,2
DA:4,2
LF:2
LH:2
BRF:0
BRH:0
end_of_record
TN:
SF:src/db/services/UserService.ts
FN:4,(anonymous_13)
FN:4,(anonymous_14)
FN:8,(anonymous_15)
FN:8,(anonymous_16)
FN:12,(anonymous_17)
FN:16,(anonymous_18)
FN:20,(anonymous_19)
FNF:7
FNH:2
FNDA:0,(anonymous_13)
FNDA:0,(anonymous_14)
FNDA:0,(anonymous_15)
FNDA:0,(anonymous_16)
FNDA:1,(anonymous_17)
FNDA:0,(anonymous_18)
FNDA:1,(anonymous_19)
DA:1,1
DA:4,1
DA:5,0
DA:8,1
DA:9,0
DA:12,1
DA:13,1
DA:16,1
DA:17,0
DA:20,1
DA:21,1
LF:11
LH:8
BRF:0
BRH:0
end_of_record
TN:
SF:src/lib/local-cache.ts
FN:10,(anonymous_1)
FN:17,(anonymous_2)
FN:25,(anonymous_3)
FN:29,(anonymous_4)
FN:33,(anonymous_5)
FN:37,(anonymous_6)
FNF:6
FNH:3
FNDA:2,(anonymous_1)
FNDA:2,(anonymous_2)
FNDA:0,(anonymous_3)
FNDA:0,(anonymous_4)
FNDA:0,(anonymous_5)
FNDA:3,(anonymous_6)
DA:1,2
DA:11,2
DA:18,2
DA:19,2
DA:22,2
DA:26,0
DA:30,0
DA:34,0
DA:38,3
DA:42,2
LF:10
LH:7
BRDA:18,0,0,2
BRDA:18,0,1,0
BRF:2
BRH:1
end_of_record
TN:
SF:tests/helpers.ts
FNF:0
FNH:0
DA:1,1
DA:3,1
DA:5,1
LF:3
LH:3
BRF:0
BRH:0
end_of_record
